8PyqeAcF4R7zgBVa/eli1EECqPEXeSCH8ZIj9FrtBb2V+hFwq6gVRlXVR00TZ8DS8TFfWn0opmoygZ/aCYrZNt5xs/qKOrlSbskpNfl8
ohnYw9yC9j+6H/lKIxxAuUhPMJUXTMDfPSqvR0Fvkc0P27HV+saWfCXO5InZOavj8IqczXESoxPtopzPRvkN
iK2wf3Ah3So45SqPz5laEI2S55fDJzShxk/Fb1T7oUJARM4MnbJfwQgqxOLITpg9WQlzDP0pwgtS4adJf1pKHzjAtF3Ukz9Ac7Mop3gZfDR9wgrPAi1GeLrPTGW5vwRimXSiEenpkAZ3LztE/DLL3nOfPPlyYOMcGKez6GzijudAJlE3tmLpeqW801Mz1itdo1eYa/k3cKlJZ4rO0i/I8PR0PcSzeu+bHKVWk8W1Qo5i4FAAFIdA/AeXzbehWHm8ghXosXmB+BS2cN8lznP5T7Eb5d7cj77aXG6a/ZVWvHymNcFoGUBP/knprtFhF7DEx6i632twqWz6pSZ/9wDaLEXwRje9f/k6
uSWHrQ0CqHhhfx5FF8T4UI479Oi2Wz58iEXNpwGjKwy+aZmOtRrbJx8/om6zaF1a22C2x4j3i3dUUpjkSDumnb/ipJaRwCqO3v+DtUrkeEosJF8Doy7oKDC2i6zGcGq7ugx5l0W2BhMEsCVRdlc7rmfzFa1e+D643bNPbs7vR85HZhyut+WALO9p+SMFX8zBI7P2Hfb8DJNqwBqfrnYBEOqAq7oFaZOJVw94+rx6rNegOoV84VQHHnpQ7zG+0djDPVGHrMQcRqNMuFfwCZN6fMYhpE/6QXl2Es6pyucmchfTNOcohFX/Yy3vXe8wQi6zwgiPmen+mCFNeb8MTPpQ1SWyVyvhcgCncvk5
py2rkXk56FdrvR+LV3apYX8/DkqNgJlh0NcfEoMG+f4JSs9znvzKlTC7BauV0k6GlrTBNkhoPsglLt9VoOYUxtAyuAmR5cOIhXUC37rtty0n5qrrsGzEGeyPP1Rb/3gD4OXcgDWuOsv68QYs0kPcgWGDZBaRWFLVUXUQkt/j62DkTuvqu3OMfQo8I8jwq6OMNF5uE8iKIXOOfulujfCD96sqi+nrO6hvAesw/SHrGioKE6iE/FjNAAvmbw+0aYa33cliuqoM4IRs24Ao75vd0/nkmUgKuZj1QZ34AJ48j4FWj1n7+XfV2iRT/o404goZTWrcCK4ZMayh3M9q4SV+9XlrkPAPRApbEyxpuBKpNhuvvDrYzVw2c4Vj+S4=
8GApVWwcFskn7rOIw1f0G4jcvP6Phds73t573WEsjLxhfHLK4WNdf+AqCaCHrimwBHPSn/ET9vI6ALLTPCkNctbiC0iQClx/ATHwbOI+XrTttznGEsySFinIvBgwDwjci2OffrxXRvBnFUyf4VqVIyeZBJBE3P+TbYo0B136dXZu2q3tuijtafsnP1fWtVGjxCnsFPZ3SOA4+9QeWyTYUFlO36GpzRVPOr4GsnYjUuo3yLs8fXrY8E3VRDlCd4/B9dhelPwnzjjVdLMb4Ai0sRb7YKmDkrBuC66dTiijYeQV3F6dRSdvrx+rCor0RzDYva2zluJFb1md67ASS+EXoiVf+3o6o3D5Ow==
rYFj7+4c6+jeJHIBgEA+O4Zqc8d+a1PmPFgn4QGrGjvamHpvC0CpXJsT5k6XsFqcJcCGh91P+Qo=
gRTXs/at6tuOKX5Y/B5PMwMSgixehUCgmc7w0O+EVwamXXOZAXF0Am+pm0JpV9+KvttM+Qc=
lpkjb/ZiWkVSNMMOPYg6ozES1SNGz5iaCuXWHQKCHeT+Fx+Gh6b93J4psBWaZ+E6q4Cr2V9ikwKtC8n/dMLF8Pu2HVDQy47vfbsCMg5ovuPg0dnSonq3mFwiSH8VGTy8XqYqFDlP5fYepKbW3WAwaGy33Dy/e+MucL/ScPN9AE8dQqFDcyHYYMh0i9NZYjg3AYIh1ppCEb32APlp7w9zB2otpQOQUbAk+p98oExTWO6HnIwwbVYjceWlgc+uVsriCjtmCuNw50zx0iwweb1ICZ6PW2GBQOJEMA/aOMFcf8tckMARwgO8mY/6hK7/BhE+dBu1BCHEIs2Jz/svi8NGWghfBLjpFW9mbu0bGakBvCIXmEMC0cdHKnaLZPkv
AUAwZTVoQfcVTibdxDFl8xARbZGIgIWGb+EPKwydlw9/WcJxfGyo9kq/eJI1lVUc3a4MGUG5M3NYKiJ/OdLrw7VC9D8++XU=
Vx//en+c5aKS0hRhoY0Shihc3vEvqycnGyVBWyHc6MUVAE7C32vP04zFDCFryTft2YpeHuI11x5JTpkDDgNZ3qoe0aZ+/SEx+Xg=
BtESbcGPl6UbuEoGRBHYXBERbZGIgIWGb+EPKwydlw9/WcJxfGyo9kq/eJI1lVUc3a4MGUG5M3ZdKiN/OdLrw7VC9D8++XU=
c6nQouCsbYGsYxr2GDPkkChc3vEvqycnGyVBWyDc6MUVAE7C32vP04zFDCFryTft2YpeHuI11x5JTpwGDgJZ3qoe0aZ+/SEx+Xg=
ygOvi3cQmGpjnd/Zx4259RIRbZGIgIWGb+EPKwydlw9/WcJxfGyo9kq/eJI1lVUc3a4MGUG5M3dcKiN/OdLrw7VC9D8++XU=
8D5YOnQ7PIOPzQKl7HzB2ihc3vEvqycnGyVBWyPc6MUVAE7C32vP04zFDCFryTft2YpeHuI11x5JTp0HDgJZ3qoe0aZ+/SEx+Xg=
07oHst07QXY4l/NkLkoYOBMRbZGIgIWGb+EPKwydlw9/WcJxfGyo9kq/eJI1lVUc3a4MGUG5M3BdKiB/OdLrw7VC9D8++XU=
6e0ghryF++pqB9uzLhK1Xyhc3vEvqycnGyVBWyLc6MUVAE7C32vP04zFDCFryTft2YpeHuI11x5JTpoGDgFZ3qoe0aZ+/SEx+Xg=
40lLFhFLN6UA0sKMsHc06hQRbZGIgIWGb+EPKwydlw9/WcJxfGyo9kq/eJI1lVUc3a4MGUG5M3ZdKiB/OdLrw7VC9D8++XU=
i6R3exxHp57tH9Jy6itOzShc3vEvqycnGyVBWyXc6MUVAE7C32vP04zFDCFryTft2YpeHuI11x5JTpwGDgFZ3qoe0aZ+/SEx+Xg=
2EMSqKm7ou7KUP2Hv+fU+hALa5GUmISGb+EPKwydlw9/WcJxfGyo9kq/eJI1lVUc3a4MGUG5M3NcKiF/OdLrw7VC9D8++XU=
2b1w0N4t/7GFCqFAmznosTjny+cnQUbt+iOqORALMDu4Be84utFVDRmjumF0bKDmst9QsWJRN8x1DpRpyTm7w8TKSa+BkjOzXWLMLzb5fQ==
Nui8mcnYC420FTNJ/9E6NRELa5GUmISGb+EPKwydlw9/WcJxfGyo9kq/eJI1lVUc3a4MGUG5M3BcKiF/OdLrw7VC9D8++XU=
6edXyggRsSj+lhP2njie/zjny+cnQUbt+iOqORALMDu4BO84utFVDRmjumF0bKDmst9QsWJRN8x1DpRpyTm7wMTKSa+BkjOzXWLMLzb5fQ==
hMWul0ifDnCwJf07EnJtK4lsw07TUaNz6P1zd5PJXvn47Cx+1i8UalF1McRxHrBRhfn3PKNazScd8s/7mVLoNzr5cQ==
nnnB8fRP0IbcGJJPQUwZ1nQzJaatz+3KZfFAZhbIuT4xQ8JxfGyo9kq/eIE6kU8c3a4MGUG5M3RfKiF/OdLrw7VC9D8++XU=
802eSRozmX0Vipjuzv7KVIhsw07TUaNz6P1zd5PJXvn47Cx+1i8UalF1McRxHrBRhfn3MqNazScd8s/7mVLoNzr5cQ==
PeTKbduAF6KsgGEIxd8L3XQzJaatz+3KZfFAZhbJuT4xQ8JxfGyo9kq/eIE6kU8c3a4MGUG5M3pfKiF/OdLrw7VC9D8++XU=
IU6YGdsjx/4lhyyb5aUAFYtsw07TUaNz6P1zd5PJXvn47Cx+1i8UalF1McRxHrBRhfn3OqJazScd8s/7mVLoNzr5cQ==
6vG03KDm82uWmJAgGoUMUHQzJaatz+3KZfFAZhbKuT4xQ8JxfGyo9kq/eIE6kU8c3a4MGUG5M3JeKiF/OdLrw7VC9D8++XU=
FAuz0KcsL8cNzIv5bqAh7Ipsw07TUaNz6P1zd5PJXvn47Cx+1i8UalF1McRxHrBRhfn3OKJazScd8s/7mVLoNzr5cQ==
vkXe3Evqzvp8LBl5NK2A2HQzJaatz+3KZfFAZhbLuT4xQ8JxfGyo9kq/eIE6kU8c3a4MGUG5M3BeKiF/OdLrw7VC9D8++XU=
feYLxb9Q+4cTwfVAin49ko1sw07TUaNz6P1zd5PJXvn47Cx+1i8UalF1McRxHrBRhfn3PaJazScd8s/7mVLoNzr5cQ==
G0PI9Mz89LUIu5p64KvzyXQzJaatz+3KZfFAZhbMuT4xQ8JxfGyo9kq/eIE6kU8c3a4MGUG5M3VeKiF/OdLrw7VC9D8++XU=
aayjn2Y0yfqZp7F+AkKXUIxsw07TUaNz6P1zd5PJXvn47Cx+1i8UalF1McRxHrBRhfn3M6JazScd8s/7mVLoNzr5cQ==
MvCr6tXqhObGFEeXw9VxX3QzJaatz+3KZfFAZhbNuT4xQ8JxfGyo9kq/eIE6kU8c3a4MGUG5M3teKiF/OdLrw7VC9D8++XU=
xR2ZU0GvTUgQW+F6MrjaPS0OrizDEEIWCE/bKkGmFtCY+AHUtNnd+ldnHhIhkcew4NPcQLOdUo4UUPs4d766mvKpJ+gRf1m3pj7ZldCadNN9LuzZIbkTOv2qQr7Z0ssD1cIUfx75VQ==
vy14TXUN55wDsyPZnfePiNS8LBKfm68jjDVs0SsZVXNRDe/OogX3Lkl+sDbOU/hOKo4x9r6NwUH5CA==
Yv9OmgrCgPIpS+vza1F/Yy0OrizDEEMWCE/bKkGmFtCY+AHUtNnd+ldnHhIhkcew4NPcQLOdUo4UUPs4d766m/KpJ+gRf1m3pj7ZldCadNN9LuzZIbkTMvyqQr7Z0ssD1cIUfx75VQ==
rJch+OMBNBrQ4NoRjZDT7tW8LBKfm68jjDVs0SsZVXNRDe/OogX3Lkl+uDfOU/hOKo4x9r6NwUH5CA==
9WmSMkRARpL0YihBpV2KRy0OrizDEEBNXVXMIVu3O9Cu7TSVwrq8sltnV1FdgdyhrpHNTamqQ5UBU697fpvux8aqJ+gRf1m3pj7ZldCadNN9LuzZIbkTNPyqQr7Z0ssD1cIUfx75VQ==
y/+8KiWJClKA1pg9Hf273NC8LBKfm68jjDVs0SsZVXNRDe/OogX3Lkl+vjfOU/hOKo4x9r6NwUH5CA==
3m5ES3QeK4Pm5q6jMGhq4S0OrizDEEMWCE/bKkGmFtCY+AHUtNnc+ldnHhIhkcew4NPcQLOdUo4UUPs4d766nPKpJ+gRf1m3pj7ZldCadNN9LuzZIbkTM/+qQr7Z0ssD1cIUfx75VQ==
m6DRI1zqlmOl4TGCPnoTcNK8LBKfm68jjDVs0SsZVXNRDe/OogX3Lkl+uTTOU/hOKo4x9r6NwUH5CA==
h6gbTqAc7SgmvTrWF2QnTXUMiKpi4y42Xy9eDnbH698PDDzcl2vYz5XySDs83ib4yZdPHuI11x5JTpgCDgJY3qoe0aZ+/SEx+Xg=
aTEUhl1DMRMkBpJ1f7dVr4h9swvRRO0nofd2NsObXu7k9Rs6zHgDaEthNtVxHrBRhfn3OqVazyYd8s/7mVLoNzr5cQ==
lz3XFY04P7pg9TrT49mbqwm2iBdzS82vvH1CLtsKWrzft79y13S4PU4+7LR3Q+jXlep4E9y29sCJbx+2Ql0nhsnW6OquqoimaiaBTh7VESn5YA==
KobNYJvcMlcnhNhSljwL5iZ43liY+o2gvaGMIhZ1jtbWyRF9K7eVRv7Q7E+FIw3U2PPAQGAmH+U8ndUkJDEkoPI6uXHzhAqbk+xpeJRoNtwsfDqYTRw2MwUj+W4=
XMXkPwyTlOmdzVqR4k3ydNdY/ArIUOsg8vdwNsObXu7k9Rs6zHgDaEthNtVxHrBRhfn3OqVazyYd8s/7mVLoNzr5cQ==
PRyj9GJ11RMhCtwVPMBtG2TG5+QuPvSYRw8wuxWGoF/smu7M6aNHGvLRv+oJuvfhnoPQagqqGeKumclF+Qw=
vOVrUDI7myJdnLuYjy4gUXUMiKpi4y42Xy9eDnbH698PDDzBl2vYz5XySDs83ib4yZdPHuI11x5JTp8FDgdY3qoe0aZ+/SEx+Xg=
FDbpPI4bDOtLJD/keoVoq2kElON99D83EDgMWDjJ5NcOAH/Kl2vYz5XySDs83ib4yZdPHuI11x5JTp8FDgdY3qoe0aZ+/SEx+Xg=
f3vLkB8xEx/rT3tQfGYga1o47Mk0EPXvVNtucSZoPIoMNimlrXs2/uz1EyokGPs4kyGOZSn+2KENeX+NCvoSVuWyF6uhcsAnMvl5
W+a2MHS6H/UE/VMhYFh91mTG5+QuPvSYXQkwpw2HoF/vgOjM9btGGvLRv+oJuvTjnoLQagqqGeKumclF+Qw=
yZFD/RVJAAcph5oquuMw8XUMiKpi4y42Xy9eDnbH698PDDzBjW3Y043zSDs/xCD41Y9OHuI11x5JTpwHDgZY3qoe0aZ+/SEx+Xg=
fyofCNZhgiMBQE3q4IRRkmkElON99D83EDgMWDjJ5NcOAH/Kl2vYz5XySDs83ib4yZdPHuI11x5JTpkGDgNf3qoe0aZ+/SEx+Xg=
A+zploOt2U2Gpf5sbPw0y1o47Mk0EPXvVNtucSZoPIoMNimlrXs2/uz1EyokGPs4kyGOZSn+2KENeX+PCfoWUeWyF6uhcsAnMvl5
FvTVh2pHeQQXGjW21MXONHD30wCppz4cOprPnzp4CmHz25995DwXYeC6/cRWXk5my7Gnc1zaPrXBjk6QcaxxccyxQ9bSpR9ZLUtDUvzFZyJ1f2s6KgMg+Ws=
uADFVoNpFAbvV05QxhvS4k/C6tZLNyiH0nQXrMkEfFleHDTL2MH+alv0z5mUCVWovFWUfLoOWR3LgBqne7gptMzMxkGjiJo0tVhmzy03+WI=
MnkZlZd13TE+gA0n06mxzE/C6tZLNyiH0nQXrMkEfFleHDTL2MH+alv0z5mUCVWovFWUfLoOWR3LgBqne7gptMjIxkCjiJo0tVhmzy03+WI=
MWZMSjbV3TKTIAOLN/4pvC0QqiHREkUMChWLcQHjT4rsokqDw9feqwUzBBYXw8ygocPYTP3MHoAJOOgicJb1zZmLYqYAdX/y8GjP0M+Bcs19LuzZIbkTNPyqQ7nZ0ssD1cIUfx75VQ==
s6Dq/d0gfmZ6yiAU1aPrjU/C6tZLNyiH0nQXrMkEfFleHDTL2MH+alv0z5mUCVWovFWUfLoOWR3LgBqne7gptM/KxkCjiJo0tVhmzy03+WI=
3219c4pmg0JVXsAb7vuUni0QqiHREkUMChWLcQHjT4rsokqDw9feqwUzBBYXw8ygocPYTP3MHoAJOOgicJb1zZmLYqYAdX/y8GjP0M+Bcs19LuzZIbkTNP+qQ7nZ0ssD1cIUfx75VQ==
wde3dmGKLHTIJZ9HPLFUTE/C6tZLNyiH0nQXrMkEfFleHDTL2MH+alv0z5mUCVWovFWUfLoOWR3LgBqne7gptMvLxkCjiJo0tVhmzy03+WI=
MAqebdgBsOwgNqZ9DIxOby0QqiHREkUMChWLcQHjT4rsokqDw9feqwUzBBYXw8ygocPYTP3MHoAJOOgicJb1zZmLYqYAdX/y8GjP0M+Bcs19LuzZIbkTMP2qQLnZ0ssD1cIUfx75VQ==
ULnlXG/EqqPWZagFI0vVXGTG5+QuPvSYRw8wuxWGoF/rmu7M6aNHGvLRv+oJuvjinoXXagqqGeKumclF+Qw=
0V9OrxC1wfQDE8MLeVE0tnUMiKpi4y42Xy9eDnbH698PDDzBl2vYz5XySDs73ib4yZdPHuI11x5JTpAGDgFf3qoe0aZ+/SEx+Xg=
EHIboaQILcM9sAfTFRNGqnD30wCppz4cOprPnzp4CmHz25995DwXYeC6/cRWXk5my7Gnc1zaPrXBjk6XcaxxccyxQ9bSpR9ZLUZDUv7FZyJ1f2s6KgMg+Ws=
XKtCQlvhM5uBPyF4WVGQ8i0QqiHREkUMChWLcQHjT4rvokqDw9feqwUzBBYXw8ygocPYTP3MHoAJOOgicJb1zZmLYqYAdX/y8G/P0M+Bcs19LuzZIbkTNvyqQLnZ0ssD1cIUfx75VQ==
iMLsndAOEDkYP7G5LVzijnH30wCppz4cOprPnzp4CmHz25995DwXYeC6/cRWXk5my7GnaVraIq3Ajk6Ta6pxbdSwQ9bSpR9ZLU9BUv/FZyJ1f2s6KgMg+Ws=
n0ByJgZJI503K0926dHJg1QKcIDdzP7AabhIYlCWlQ05EcRmfG2eslDrdZYvnUoM3a4MGUG5M3JfKiF5OdLrw7VC9D8++XU=
CA8P3ZeMYYivm5VhtKkeGXP30wCppz4cOprPnzp4CmHz25995DwXYeC6/cRWXk5my7GnaVraIq3Ajk6Ta6pxbdSwQ9bSpR9ZLU5BUv/FZyJ1f2s6KgMg+Ws=
n0ByJgZJI503K0926dHJg1QKcIDdzP7AabhIYlCWlQ05EcRmfG2eslDrdZYvnUoM3a4MGUG5M3JfKiF5OdLrw7VC9D8++XU=
DkU6x3hBF+0Iedppwp2iP3b30wCppz4cOprPnzp4CmHz25995DwXYeC6/cRWXk5my7GnaVraIq3Ajk6Ta6pxbdSwQ9bSpR9ZLU5BUv/FZyJ1f2s6KgMg+Ws=
Ih04kI9VCIeWuBnm+NcPR1QKcIDdzP7AabhIYlCWlQ05C8JmYHWfslDob5AvgVIN3a4MGUG5M3NcKiV5OdLrw7VC9D8++XU=
cHurOPDU6blgdab6AZfoiQsBZ8FwqiDP4O0eHpOofz0MhdU8FOlEOEJieSnDnGpDI3Tp4CW1VsIbJPrA/YRW6zU7+XY=
OpPCRHgBQwbvbKqQ/QG9+PcyPi0UdjsZdZEFRN76iEMYIqI1XfaKoFWkfVEA+adGVj1jmRFXRkLfDSvC+fePSu47PPl3
NCu48K5bQyuw/ERQ9BNaVIurxIbR9VSXwUta8rdzyMeV+lgjHOYWsAnfv2YCrUeWycYIn278Lxbq1uGeXuUxOflw
d4Vqx88S5ZUwRL9lU8nnyHUMiKpi4y42Xy9eDnbH698PDDzBl2vYz5XySDs83ib4yZdPHuI11x5JTpgHDgRf3qoe0aZ+/SEx+Xg=
7l5JIK7ZUfTFbQoDruwcKnD30wCppz4cOprPnzp4CmHz25995DwXYeC6/cRWXk5my7Gnc1zaPrXBjk6QcaxxccyxQ9bSpR9ZLU5CUvvFZyJ1f2s6KgMg+Ws=
dwTP1ufCNFzdb3izPfloYlQKcIDdzP7AabhIYlCWlQ05EcRmfG2eslDrdZYvnUoM3a4MGUG5M3RcKiV5OdLrw7VC9D8++XU=
O/YMDATKu7EoRwwcr+kyoXH30wCppz4cOprPnzp4CmHz25995DwXYeC6/cRWXk5my7GnaVraIq3Ajk6Ta6pxbdSwQ9bSpR9ZLUhCUvvFZyJ1f2s6KgMg+Ws=
XsXsEIcJZb0Ts+Sc5saSOFQKcIDdzP7AabhIYlCWlQ05EcRmfG2eslDrdZYvnUoM3a4MGUG5M3JeKiV5OdLrw7VC9D8++XU=
1/RXwjpm5KaChVxaxfbyw+VEncJnCC4ZnXRscmgIYoc5dArykmBMVmVVDRY0JinP9bD30ZblbFn/GcOKqYEzW61/dIvEo+SC1TxbPxNjVJZ78XoK/lf/pl5Nyxl5Zkpiif2TguHn9+pmaxT5Xw==
iQhFgGkeRuzPFsxEY38Emi0OrizDEEBNXVXMIVu3O9Cu7TSVw7q8sltnV1ddgdyhrpHNTamqQ5UBU697fpvux8aqJ+gRf1m3pj7ZldCadNN9LuzZIbkTMviqS7nZ0ssD1cIUfx75VQ==
CF7+x0+gUROAHFdjhUeCMDHC5vEpLIeGDw8npwyx5EW7jf3X8alHGvLRv+oJuvDnno7XagqqGeKumclF+Qw=
3NWqUvZQ0GthAODQqK1SeOVEncJnCC4ZnXRscmgIYoc5dArykmBLVmVVDRY0JinP9bD30ZblbFn/GcOKqYEzW61+dIvEo+SC1TxbPxNjVJZ78XoK/lf/pl5Nyxl5ZEpiif2TguHn9+pmaxT5Xw==
gcEkEp49s+/wtnWT6gBKSy0OrizDEEQWCE/bKkGmFtCY+AHUtNnd+ldnHhIhkcew4NPcQLOdUo4UUPs4d766nfKpJ+gRf1m3pj7ZldCadNN9LuzZIbkTMPiqS7nZ0ssD1cIUfx75VQ==
5/+sE9XlA7dpGf+rJ1oZJzDC5vEpLIeGDw8npwyx5EW7jf3X8alHGvLRv+oJuvLnno7XagqqGeKumclF+Qw=
w7mxRwMQjMS9KBn/csANw1QKcIDdzP7AabhIYlCWlQ05C8JmYHWfslDvb5AvgVIN3a4MGUG5M3ZfKiJ4OdLrw7VC9D8++XU=
S6MXD7Kxfbm7iFYsHN00C3D30wCppz4cOprPnzp4CmHz25995DwXYeC6/cRWXk5my7Gnc1zaPrXBjk6XcaxxccyxQ9bSpR9ZLUpBUvzEZyJ1f2s6KgMg+Ws=
eSHAZolE4T/b7LF0HQtPEFQKcIDdzP7AabhIYlCWlQ05C8JmYHWfslDvb5AvgVIN3a4MGUG5M3VfKiJ4OdLrw7VC9D8++XU=
8btQGCuTEZPkVOB8d+pNbXH30wCppz4cOprPnzp4CmHz25995DwXYeC6/cRWXk5my7Gnc1zaPrXBjk6XcaxxccyxQ9bSpR9ZLUlBUvzEZyJ1f2s6KgMg+Ws=
e4yt2JD3oNIpvEcfc8BOflQKcIDdzP7AabhIYlCWlQ05C8JmYHWfslDvb5AvgVIN3a4MGUG5M3RfKiJ4OdLrw7VC9D8++XU=
awX4iZFDTP6NDzlg/WdsOXD30wCppz4cOprPnzp4CmHz25995DwXYeC6/cRWXk5my7Gnc1zaPrXBjk6XcaxxccyxQ9bSpR9ZLUhBUvzEZyJ1f2s6KgMg+Ws=
Xd31SpFA3K0LGpHJ3C1XJ0/C6tZLNyiH0nQXrMkEfFleHDTL2MH+alv0z5mUCVWovFWTfLoOWR3LgBqne7gptMnLxkGiiJo0tVhmzy03+WI=
jXVaD2sry3hGTb7mA/o9AS0QqiHREkUMChWLcQHjT4rvokqDw9feqwUzBBYXw8ygocPYTP3MHoAJOOgicJb1zZmLYqYAdX/y8G/P0M+Bcs19LuzZIbkTMv2qQ7jZ0ssD1cIUfx75VQ==
ZZUwy+SQ6FuDN9hweBHwwlQKcIDdzP7AabhIYlCWlQ05C8JmYHWfslDob5AvgVIN3a4MGUG5M3VdKiN4OdLrw7VC9D8++XU=
Vu+MGUJ1DLxKslpw3j8re3D30wCppz4cOprPnzp4CmHz25995DwXYeC6/cRWXk5my7Gnc1zaPrXBjk6QcaxxccyxQ9bSpR9ZLUlDUv3EZyJ1f2s6KgMg+Ws=
yprvCo/IzHEwpW5d+4ZrflQKcIDdzP7AabhIYlCWlQ05C8JmYHWfslDob5AvgVIN3a4MGUG5M3NcKiN4OdLrw7VC9D8++XU=
3EQEgGNfsaa1vAdTPxiML3H30wCppz4cOprPnzp4CmHz25995DwXYeC6/cRWXk5my7Gnc1zaPrXBjk6QcaxxccyxQ9bSpR9ZLU9CUv3EZyJ1f2s6KgMg+Ws=
5Yc2pC/Mc/nVGJAUtZHWP1QKcIDdzP7AabhIYlCWlQ05C8JmYHWfslDob5AvgVIN3a4MGUG5M3JcKiN4OdLrw7VC9D8++XU=
ZrQSvPyEucbGZKs6LJ7rwnD30wCppz4cOprPnzp4CmHz25995DwXYeC6/cRWXk5my7Gnc1zaPrXBjk6QcaxxccyxQ9bSpR9ZLU5CUv3EZyJ1f2s6KgMg+Ws=
9nhV4fsBFscBu5Aeo2x8NFQKcIDdzP7AabhIYlCWlQ05C8JmYHWfslDob5AvgVIN3a4MGUG5M3FcKiN4OdLrw7VC9D8++XU=
trUEYMj7t76AGOVGzywHunH30wCppz4cOprPnzp4CmHz25995DwXYeC6/cRWXk5my7Gnc1zaPrXBjk6QcaxxccyxQ9bSpR9ZLU1CUv3EZyJ1f2s6KgMg+Ws=
ErOT94F31WGeYPKagf5LCFQKcIDdzP7AabhIYlCWlQ05C8JmYHWfslDob5AvgVIN3a4MGUG5M3dYKiN4OdLrw7VC9D8++XU=
b/gpMKBHjavrvVWzUnPYBHD30wCppz4cOprPnzp4CmHz25995DwXYeC6/cRWXk5my7Gnc1zaPrXBjk6QcaxxccyxQ9bSpR9ZLUtGUv3EZyJ1f2s6KgMg+Ws=
YvY45DG7kYx1laZ7ogXOYFQKcIDdzP7AabhIYlCWlQ05C8JmYHWfslDob5AvgVIN3a4MGUG5M3BfKiB4OdLrw7VC9D8++XU=
7+whgVVpF5Yv/uq78/n7VnD30wCppz4cOprPnzp4CmHz25995DwXYeC6/cRWXk5my7Gnc1zaPrXBjk6QcaxxccyxQ9bSpR9ZLUxBUv7EZyJ1f2s6KgMg+Ws=
b+NMVtk1XGVD1SpIA1DurVQKcIDdzP7AabhIYlCWlQ05C8JmYHWfslDvb5AvgVIN3a4MGUG5M3ZfKiB4OdLrw7VC9D8++XU=
Te2hy49C8bh3uhiKRFuSNnD30wCppz4cOprPnzp4CmHz25995DwXYeC6/cRWXk5my7Gnc1zaPrXBjk6XcaxxccyxQ9bSpR9ZLUpBUv7EZyJ1f2s6KgMg+Ws=
cgOiJVJvuqkH4By6hrB3GjGbq7duY+KXG1h9/1r0vjnlq6uCrY9FGvLRv+oJuvjnnoXWagqqGeKumclF+Qw=
YEgN9pOjFvGs0wsU3Ylf4VQKcIDdzP7AabhIYlCWlQ05C8JmYHWfslDob5AvgVIN3a4MGUG5M3tZKiZ4OdLrw7VC9D8++XU=
i21yQnSrGaBdo44KPPm7qnD30wCppz4cOprPnzp4CmHz25995DwXYeC6/cRWXk5my7Gnc1zaPrXBjk6QcaxxccyxQ9bSpR9ZLUdHUvjEZyJ1f2s6KgMg+Ws=
4nbnqJGA/afMYlnmX6f+q1QKcIDdzP7AabhIYlCWlQ05C8JmYHWfslDob5AvgVIN3a4MGUG5M3FYKiZ4OdLrw7VC9D8++XU=
VYEAQSYkqA12qCO9v7XggHD30wCppz4cOprPnzp4CmHz25995DwXYeC6/cRWXk5my7Gnc1zaPrXBjk6QcaxxccyxQ9bSpR9ZLU1GUvjEZyJ1f2s6KgMg+Ws=
7DW7EZSXhR3g1VAqADZYVhlF9KVNPGbE/8ptphynAqbsvQxzrqQXPgffUEsVdsCPrCpOXGkzp2oygZ/aCYrYN95ztvqKOrlSbskpNfl8
NCGpVi+XeWrfjOS5f7By6lQKcIDdzP7AabhIYlCWlQ05C8JmYHWfslDob5AvgVIN3a4MGUG5M3RdKid4OdLrw7VC9D8++XU=
rrvWim6qB79sHfBGRlILOHH30wCppz4cOprPnzp4CmHz25995DwXYeC6/cRWXk5my7Gnc1zaPrXBjk6QcaxxccyxQ9bSpR9ZLUhDUvnEZyJ1f2s6KgMg+Ws=
ziuwoJlAr6lm0ALo1ARPvlQKcIDdzP7AabhIYlCWlQ05C8JmYHWfslDob5AvgVIN3a4MGUG5M3tdKid4OdLrw7VC9D8++XU=
1DMOzwXP+h8CCHVis4/xhHD30wCppz4cOprPnzp4CmHz25995DwXYeC6/cRWXk5my7Gnc1zaPrXBjk6QcaxxccyxQ9bSpR9ZLUdDUvnEZyJ1f2s6KgMg+Ws=
p0NRMw4lWgMjiiOOyGuXbVQKcIDdzP7AabhIYlCWlQ05C8JmYHWfslDvb5AvgVIN3a4MGUG5M3ZcKid4OdLrw7VC9D8++XU=
UB5O4OBTm9DtuhTo4nP7+3D30wCppz4cOprPnzp4CmHz25995DwXYeC6/cRWXk5my7Gnc1zaPrXBjk6XcaxxccyxQ9bSpR9ZLUpCUvnEZyJ1f2s6KgMg+Ws=
mIRhOxsNuq5sCi42CsFXpBlF9KVNPGbE/8ptphynAqbsvQxzrqQXPgffUEsVdsCPqypOXGkzp2oygZ/aCYrUM95ytvqKOrlSbskpNfl8
tZc8U1H8hfcRtczBEJsQNVQKcIDdzP7AabhIYlCWlQ05C8JmYHWfslDob5AvgVIN3a4MGUG5M3NeKid4OdLrw7VC9D8++XU=
z/1kyWfuyTLiATk+J2nlrXH30wCppz4cOprPnzp4CmHz25995DwXYeC6/cRWXk5my7Gnc1zaPrXBjk6QcaxxccyxQ9bSpR9ZLU9AUvnEZyJ1f2s6KgMg+Ws=
rxMANjpoGO55dkU2FO+U5RlF9KVNPGbE/8ptphynAqbsvQxzrqQXPgffUEsVdsCPrCpOXGkzp2oygZ/aCYrQMd5ytvqKOrlSbskpNfl8
3tjeCZy/QZ4t4Cyfey4ndlQKcIDdzP7AabhIYlCWlQ05C8JmYHWfslDvb5AvgVIN3a4MGUG5M3deKid4OdLrw7VC9D8++XU=
hedFXJqGjJcEOhW9qSBeJHH30wCppz4cOprPnzp4CmHz25995DwXYeC6/cRWXk5my7Gnc1zaPrXBjk6XcaxxccyxQ9bSpR9ZLUtAUvnEZyJ1f2s6KgMg+Ws=
ADF5IRPKJA1Bzn2mVwMywBlF9KVNPGbE/8ptphynAqbsvQxzrqQXPgffUEsVdsCPqypOXGkzp2oygZ/aCYrUMd5ytvqKOrlSbskpNfl8
O0DaPEuJvw5jO3e4oUvvJVQKcIDdzP7AabhIYlCWlQ05C8JmYHWfslDob5AvgVIN3a4MGUG5M3BYKid4OdLrw7VC9D8++XU=
KAdEqCrMMhaa2RVKCzCuoHD30wCppz4cOprPnzp4CmHz25995DwXYeC6/cRWXk5my7Gnc1zaPrXBjk6QcaxxccyxQ9bSpR9ZLUxGUvnEZyJ1f2s6KgMg+Ws=
jWfdbX2J9YeKNnZ22BeR81QKcIDdzP7AabhIYlCWlQ05C8JmYHWfslDob5AvgVIN3a4MGUG5M3FdKiR4OdLrw7VC9D8++XU=
gqy1r0O0rTeN8GOERjqsj3H30wCppz4cOprPnzp4CmHz25995DwXYeC6/cRWXk5my7Gnc1zaPrXBjk6QcaxxccyxQ9bSpR9ZLU1DUvrEZyJ1f2s6KgMg+Ws=
jWfdbX2J9YeKNnZ22BeR81QKcIDdzP7AabhIYlCWlQ05C8JmYHWfslDob5AvgVIN3a4MGUG5M3FdKiR4OdLrw7VC9D8++XU=
gqy1r0O0rTeN8GOERjqsj3H30wCppz4cOprPnzp4CmHz25995DwXYeC6/cRWXk5my7Gnc1zaPrXBjk6QcaxxccyxQ9bSpR9ZLU1DUvrEZyJ1f2s6KgMg+Ws=
+bM/Twvvt9/nwH1taqd1d1QKcIDdzP7AabhIYlCWlQ05C8JmYHWfslDob5AvgVIN3a4MGUG5M3BdKiR4OdLrw7VC9D8++XU=
ohuCwAZ4sPhpBKaFFEd1BXD30wCppz4cOprPnzp4CmHz25995DwXYeC6/cRWXk5my7Gnc1zaPrXBjk6QcaxxccyxQ9bSpR9ZLUxDUvrEZyJ1f2s6KgMg+Ws=
iGz8SWIx+IRtfIEhejg1I1QKcIDdzP7AabhIYlCWlQ05C8JmYHWfslDob5AvgVIN3a4MGUG5M3ddKiR4OdLrw7VC9D8++XU=
BnuIVm9Y0qNb+zXvhcu58HH30wCppz4cOprPnzp4CmHz25995DwXYeC6/cRWXk5my7Gnc1zaPrXBjk6QcaxxccyxQ9bSpR9ZLUtDUvrEZyJ1f2s6KgMg+Ws=
iGz8SWIx+IRtfIEhejg1I1QKcIDdzP7AabhIYlCWlQ05C8JmYHWfslDob5AvgVIN3a4MGUG5M3ddKiR4OdLrw7VC9D8++XU=
JGgNJrTPfUsp8ByMRwXQgXD30wCppz4cOprPnzp4CmHz25995DwXYeC6/cRWXk5my7Gnc1zaPrXBjk6QcaxxccyxQ9bSpR9ZLUtDUvrEZyJ1f2s6KgMg+Ws=
iGz8SWIx+IRtfIEhejg1I1QKcIDdzP7AabhIYlCWlQ05C8JmYHWfslDob5AvgVIN3a4MGUG5M3ddKiR4OdLrw7VC9D8++XU=
BnuIVm9Y0qNb+zXvhcu58HH30wCppz4cOprPnzp4CmHz25995DwXYeC6/cRWXk5my7Gnc1zaPrXBjk6QcaxxccyxQ9bSpR9ZLUtDUvrEZyJ1f2s6KgMg+Ws=
AFMK+up5fCxKfmbbKkcO4FQKcIDdzP7AabhIYlCWlQ05C8JmYHWfslDob5AvgVIN3a4MGUG5M3FcKiV4OdLrw7VC9D8++XU=
rj6oz94ygvEx6m8F12kWe3D30wCppz4cOprPnzp4CmHz25995DwXYeC6/cRWXk5my7Gnc1zaPrXBjk6QcaxxccyxQ9bSpR9ZLU1CUvvEZyJ1f2s6KgMg+Ws=
AFMK+up5fCxKfmbbKkcO4FQKcIDdzP7AabhIYlCWlQ05C8JmYHWfslDob5AvgVIN3a4MGUG5M3FcKiV4OdLrw7VC9D8++XU=
JcJCJ+djhoNxJMZJHlMLDXH30wCppz4cOprPnzp4CmHz25995DwXYeC6/cRWXk5my7Gnc1zaPrXBjk6QcaxxccyxQ9bSpR9ZLU1CUvvEZyJ1f2s6KgMg+Ws=
378YVGCPFtu2c7WGmrJ6a1QKcIDdzP7AabhIYlCWlQ05C8JmYHWfslDob5AvgVIN3a4MGUG5M3JdKip4OdLrw7VC9D8++XU=
9jxG8Kilomu07ZEp+FCjoXD30wCppz4cOprPnzp4CmHz25995DwXYeC6/cRWXk5my7Gnc1zaPrXBjk6QcaxxccyxQ9bSpR9ZLU5DUvTEZyJ1f2s6KgMg+Ws=
cPZEYq48q8o9AHYuoMWC9FQKcIDdzP7AabhIYlCWlQ05C8JmYHWfslDob5AvgVIN3a4MGUG5M3BcKip4OdLrw7VC9D8++XU=
Ehocza38v4hAQEwJrfIIV3H30wCppz4cOprPnzp4CmHz25995DwXYeC6/cRWXk5my7Gnc1zaPrXBjk6QcaxxccyxQ9bSpR9ZLUxCUvTEZyJ1f2s6KgMg+Ws=
/k5fXQlYmA39iE0IpzWpTy0QqiHREkUMChWLcQHjT4rvokqDw9feqwUzBBYXw8ygocPYTP3MHoAJOOgicJb1zZmLYqYAdX/y8GjP0M+Bcs19LuzZIbkTNfyqSrjZ0ssD1cIUfx75VQ==
ocOHPHphbS4Y2ltQ8AwFKVQKcIDdzP7AabhIYlCWlQ05C8JmYHWfslDvb5AvgVIN3a4MGUG5M3tcKip4OdLrw7VC9D8++XU=
PwKgyEaovh1yaeWD8IX4C3D30wCppz4cOprPnzp4CmHz25995DwXYeC6/cRWXk5my7Gnc1zaPrXBjk6XcaxxccyxQ9bSpR9ZLUdCUvTEZyJ1f2s6KgMg+Ws=
sSkQx5oaptOq/DzuHGgSFFQKcIDdzP7AabhIYlCWlQ05C8JmYHWfslDvb5AvgVIN3a4MGUG5M3VfKip4OdLrw7VC9D8++XU=
EzJ+1ullJ/pT+qicYTYpXnH30wCppz4cOprPnzp4CmHz25995DwXYeC6/cRWXk5my7Gnc1zaPrXBjk6XcaxxccyxQ9bSpR9ZLUlBUvTEZyJ1f2s6KgMg+Ws=
DI7aaGnPgmz1cQp5A/F+mVQKcIDdzP7AabhIYlCWlQ05C8JmYHWfslDvb5AvgVIN3a4MGUG5M3ReKip4OdLrw7VC9D8++XU=
hpzEruEG+38QZMch6Rdc3XD30wCppz4cOprPnzp4CmHz25995DwXYeC6/cRWXk5my7Gnc1zaPrXBjk6XcaxxccyxQ9bSpR9ZLUhAUvTEZyJ1f2s6KgMg+Ws=
/kuCtQTDwWnicTkxX/0s2y0QqiHREkUMChWLcQHjT4ruokqDw9feqwUzBBYXw8ygocPYTP3MHoAJOOgicJb1zZmLYqYAdX/y8G/P0M+Bcs19LuzZIbkTOv6qSrjZ0ssD1cIUfx75VQ==
1kIvMmi6CO8VR9Gk+qbGnFQKcIDdzP7AabhIYlCWlQ05C8JmYHWfslDvb5AvgVIN3a4MGUG5M3NZKip4OdLrw7VC9D8++XU=
elYmppNEMByZI6LVnsFvbXH30wCppz4cOprPnzp4CmHz25995DwXYeC6/cRWXk5my7Gnc1zaPrXBjk6XcaxxccyxQ9bSpR9ZLU9HUvTEZyJ1f2s6KgMg+Ws=
FXZQ/dfp54NDCepcZyv2tC0QqiHREkUMChWLcQHjT4rvokqDw9feqwUzBBYXw8ygocPYTP3MHoAJOOgicJb1zZmLYqYAdX/y8G/P0M+Bcs19LuzZIbkTN/mqSrjZ0ssD1cIUfx75VQ==
0cLET67cIOirrqYtQc03KVQKcIDdzP7AabhIYlCWlQ05C8JmYHWfslDob5AvgVIN3a4MGUG5M3pZKip4OdLrw7VC9D8++XU=
UGc+NOV6wC4g7aYJT1fxgHD30wCppz4cOprPnzp4CmHz25995DwXYeC6/cRWXk5my7Gnc1zaPrXBjk6QcaxxccyxQ9bSpR9ZLUZHUvTEZyJ1f2s6KgMg+Ws=
XMHKJxVceKjc3sDp5sKPNVQKcIDdzP7AabhIYlCWlQ05C8JmYHWfslDob5AvgVIN3a4MGUG5M3NYKip4OdLrw7VC9D8++XU=
tXpXEicNqcaiebTYkdNUCnH30wCppz4cOprPnzp4CmHz25995DwXYeC6/cRWXk5my7Gnc1zaPrXBjk6QcaxxccyxQ9bSpR9ZLU9GUvTEZyJ1f2s6KgMg+Ws=
GpueHPGZGGntVpejn306IFQKcIDdzP7AabhIYlCWlQ05C8JmYHWfslDvb5AvgVIN3a4MGUG5M3ZdKiJ9OdHrw7VC9D8++XU=
Uoz/IdeM0kLJ6FEPypq7dHD30wCppz4cOprPnzp4CmHz25995DwXYeC6/cRWXk5my7Gnc1zaPrXBjk6XcaxxccyxQ9bSpR9ZLUpDUvzBZyF1f2s6KgMg+Ws=
dYErvxNuVYRZtx+6LImUzVQKcIDdzP7AabhIYlCWlQ05C8JmYHWfslDvb5AvgVIN3a4MGUG5M3VdKiJ9OdHrw7VC9D8++XU=
H3CUtPI5rktYxC/y3QOEgXH30wCppz4cOprPnzp4CmHz25995DwXYeC6/cRWXk5my7Gnc1zaPrXBjk6XcaxxccyxQ9bSpR9ZLUlDUvzBZyF1f2s6KgMg+Ws=
qmAWFaC0MOAWBVJn0Eo33lQKcIDdzP7AabhIYlCWlQ05C8JmYHWfslDvb5AvgVIN3a4MGUG5M3RdKiJ9OdHrw7VC9D8++XU=
imGsp7gJMW5qC8zetTlB8nD30wCppz4cOprPnzp4CmHz25995DwXYeC6/cRWXk5my7Gnc1zaPrXBjk6XcaxxccyxQ9bSpR9ZLUhDUvzBZyF1f2s6KgMg+Ws=
qmAWFaC0MOAWBVJn0Eo33lQKcIDdzP7AabhIYlCWlQ05C8JmYHWfslDvb5AvgVIN3a4MGUG5M3RdKiJ9OdHrw7VC9D8++XU=
cTkldjmSrKxJP9gqNt5z+HH30wCppz4cOprPnzp4CmHz25995DwXYeC6/cRWXk5my7Gnc1zaPrXBjk6XcaxxccyxQ9bSpR9ZLUhDUvzBZyF1f2s6KgMg+Ws=
qmAWFaC0MOAWBVJn0Eo33lQKcIDdzP7AabhIYlCWlQ05C8JmYHWfslDvb5AvgVIN3a4MGUG5M3RdKiJ9OdHrw7VC9D8++XU=
imGsp7gJMW5qC8zetTlB8nD30wCppz4cOprPnzp4CmHz25995DwXYeC6/cRWXk5my7Gnc1zaPrXBjk6XcaxxccyxQ9bSpR9ZLUhDUvzBZyF1f2s6KgMg+Ws=
lEg7JQLUPP8PR3HwCBBwaFQKcIDdzP7AabhIYlCWlQ05C8JmYHWfslDvb5AvgVIN3a4MGUG5M3tdKiJ9OdHrw7VC9D8++XU=
UoajIvkNeJR1nZElh9t4RXH30wCppz4cOprPnzp4CmHz25995DwXYeC6/cRWXk5my7Gnc1zaPrXBjk6XcaxxccyxQ9bSpR9ZLUdDUvzBZyF1f2s6KgMg+Ws=
KctJRtyjPbejm1bB1rKiAFQKcIDdzP7AabhIYlCWlQ05C8JmYHWfslDob5AvgVIN3a4MGUG5M3JcKiJ9OdHrw7VC9D8++XU=
NeVbxz7VOBAotMGSpejlGnH30wCppz4cOprPnzp4CmHz25995DwXYeC6/cRWXk5my7Gnc1zaPrXBjk6QcaxxccyxQ9bSpR9ZLU5CUvzBZyF1f2s6KgMg+Ws=
KctJRtyjPbejm1bB1rKiAFQKcIDdzP7AabhIYlCWlQ05C8JmYHWfslDob5AvgVIN3a4MGUG5M3JcKiJ9OdHrw7VC9D8++XU=
nIv/n5pWEwVytw26SiUNR3D30wCppz4cOprPnzp4CmHz25995DwXYeC6/cRWXk5my7Gnc1zaPrXBjk6QcaxxccyxQ9bSpR9ZLU5CUvzBZyF1f2s6KgMg+Ws=
X3wbNyEKRHsnILUBF2K1h1QKcIDdzP7AabhIYlCWlQ05C8JmYHWfslDob5AvgVIN3a4MGUG5M3ZcKiJ9OdHrw7VC9D8++XU=
8lvLTWtNupQTS2HNEPmkxnD30wCppz4cOprPnzp4CmHz25995DwXYeC6/cRWXk5my7Gnc1zaPrXBjk6QcaxxccyxQ9bSpR9ZLUpCUvzBZyF1f2s6KgMg+Ws=
X3wbNyEKRHsnILUBF2K1h1QKcIDdzP7AabhIYlCWlQ05C8JmYHWfslDob5AvgVIN3a4MGUG5M3ZcKiJ9OdHrw7VC9D8++XU=
Yr/1/3EjiQp1BwYpLiHSRXH30wCppz4cOprPnzp4CmHz25995DwXYeC6/cRWXk5my7Gnc1zaPrXBjk6QcaxxccyxQ9bSpR9ZLUpCUvzBZyF1f2s6KgMg+Ws=
atwuGtR+iyRIeA8rShHeZFQKcIDdzP7AabhIYlCWlQ05C8JmYHWfslDob5AvgVIN3a4MGUG5M3ZfKiN9OdHrw7VC9D8++XU=
dpGHDFx3p+rAsO9f8RS9P3D30wCppz4cOprPnzp4CmHz25995DwXYeC6/cRWXk5my7Gnc1zaPrXBjk6QcaxxccyxQ9bSpR9ZLUpBUv3BZyF1f2s6KgMg+Ws=
DAlGyWl66iELm286eEQrglQKcIDdzP7AabhIYlCWlQ05C8JmYHWfslDob5AvgVIN3a4MGUG5M3BdKiB9OdHrw7VC9D8++XU=
ofGaYVsiRzSlBEG8YV/EenH30wCppz4cOprPnzp4CmHz25995DwXYeC6/cRWXk5my7Gnc1zaPrXBjk6QcaxxccyxQ9bSpR9ZLUxDUv7BZyF1f2s6KgMg+Ws=
ARqUHIT3uczgonyeUuD6gFQKcIDdzP7AabhIYlCWlQ05C8JmYHWfslDvb5AvgVIN3a4MGUG5M3NcKiB9OdHrw7VC9D8++XU=
pkRJfzDRuDK+hpMbDyY9s3D30wCppz4cOprPnzp4CmHz25995DwXYeC6/cRWXk5my7Gnc1zaPrXBjk6XcaxxccyxQ9bSpR9ZLU9CUv7BZyF1f2s6KgMg+Ws=
UWPFzymTSP19SqsypC7NgFQKcIDdzP7AabhIYlCWlQ05C8JmYHWfslDvb5AvgVIN3a4MGUG5M3JcKiB9OdHrw7VC9D8++XU=
QzxVJwIlNKSxDvqEKRc99HH30wCppz4cOprPnzp4CmHz25995DwXYeC6/cRWXk5my7Gnc1zaPrXBjk6XcaxxccyxQ9bSpR9ZLU5CUv7BZyF1f2s6KgMg+Ws=
xcZ5qEsqyTEBzoKnnfVlHVQKcIDdzP7AabhIYlCWlQ05C8JmYHWfslDvb5AvgVIN3a4MGUG5M3BcKiB9OdHrw7VC9D8++XU=
Xin2rI3yLUMOvUFifOlnPnD30wCppz4cOprPnzp4CmHz25995DwXYeC6/cRWXk5my7Gnc1zaPrXBjk6XcaxxccyxQ9bSpR9ZLUxCUv7BZyF1f2s6KgMg+Ws=
28H7z06eyTZqlKZFqMDyf1QKcIDdzP7AabhIYlCWlQ05C8JmYHWfslDvb5AvgVIN3a4MGUG5M3JfKiB9OdHrw7VC9D8++XU=
N4QcaV/5Ln1EecTW8QsgqnD30wCppz4cOprPnzp4CmHz25995DwXYeC6/cRWXk5my7Gnc1zaPrXBjk6XcaxxccyxQ9bSpR9ZLU5BUv7BZyF1f2s6KgMg+Ws=
iYBxvjiwaKzonisOv/NMaVQKcIDdzP7AabhIYlCWlQ05C8JmYHWfslDvb5AvgVIN3a4MGUG5M3FfKiB9OdHrw7VC9D8++XU=
5ptZsZIZGWOjY6YriwH0c3D30wCppz4cOprPnzp4CmHz25995DwXYeC6/cRWXk5my7Gnc1zaPrXBjk6XcaxxccyxQ9bSpR9ZLU1BUv7BZyF1f2s6KgMg+Ws=
iYBxvjiwaKzonisOv/NMaVQKcIDdzP7AabhIYlCWlQ05C8JmYHWfslDvb5AvgVIN3a4MGUG5M3FfKiB9OdHrw7VC9D8++XU=
m1P2m4ntNr7YIwlS8BtPIXH30wCppz4cOprPnzp4CmHz25995DwXYeC6/cRWXk5my7Gnc1zaPrXBjk6XcaxxccyxQ9bSpR9ZLU1BUv7BZyF1f2s6KgMg+Ws=
loTMvYm/6QgV3uNJlG0pBVQKcIDdzP7AabhIYlCWlQ05C8JmYHWfslDvb5AvgVIN3a4MGUG5M3BfKiB9OdHrw7VC9D8++XU=
nRs075TzSDTrVYYYOS1Os3D30wCppz4cOprPnzp4CmHz25995DwXYeC6/cRWXk5my7Gnc1zaPrXBjk6XcaxxccyxQ9bSpR9ZLUxBUv7BZyF1f2s6KgMg+Ws=
loTMvYm/6QgV3uNJlG0pBVQKcIDdzP7AabhIYlCWlQ05C8JmYHWfslDvb5AvgVIN3a4MGUG5M3BfKiB9OdHrw7VC9D8++XU=
RcCIu6leZVXu3HUs43q2aXH30wCppz4cOprPnzp4CmHz25995DwXYeC6/cRWXk5my7Gnc1zaPrXBjk6XcaxxccyxQ9bSpR9ZLUxBUv7BZyF1f2s6KgMg+Ws=
WJWMmVHnlGRN7SeU75KPEVQKcIDdzP7AabhIYlCWlQ05C8JmYHWfslDvb5AvgVIN3a4MGUG5M3dfKiB9OdHrw7VC9D8++XU=
GP4J/QXhk0sLoMXDcbKSP3D30wCppz4cOprPnzp4CmHz25995DwXYeC6/cRWXk5my7Gnc1zaPrXBjk6XcaxxccyxQ9bSpR9ZLUtBUv7BZyF1f2s6KgMg+Ws=
WJWMmVHnlGRN7SeU75KPEVQKcIDdzP7AabhIYlCWlQ05C8JmYHWfslDvb5AvgVIN3a4MGUG5M3dfKiB9OdHrw7VC9D8++XU=
Dvek/doY/owg7WdV4oBX4nH30wCppz4cOprPnzp4CmHz25995DwXYeC6/cRWXk5my7Gnc1zaPrXBjk6XcaxxccyxQ9bSpR9ZLUtBUv7BZyF1f2s6KgMg+Ws=
WPLUmrzmqD2RDgYNuWkfmk/C6tZLNyiH0nQXrMkEfFleHDTL2MH+alv0z5mUCVWovFWTfLoOWR3LgBqne7gptM3LxkOniJk0tVhmzy03+WI=
HxCisH+M/uWegFhaJDDn5lQKcIDdzP7AabhIYlCWlQ05C8JmYHWfslDvb5AvgVIN3a4MGUG5M3JeKiB9OdHrw7VC9D8++XU=
8QzKkpSn5lvLLCntxO1XOHD30wCppz4cOprPnzp4CmHz25995DwXYeC6/cRWXk5my7Gnc1zaPrXBjk6XcaxxccyxQ9bSpR9ZLU5AUv7BZyF1f2s6KgMg+Ws=
rVPTCmOyujrNMwV3dlpQwi0QqiHREkUMChWLcQHjTIrvokqDw9feqwUzBBYXw8ygocPYTP3MHoAJOOgicJb1zZmLYqYAdX/y8G/P0M+Bcs19LuzZIbkTN/6qQL3Z0csD1cIUfx75VQ==
j/UFP5FPP3VUtHFtU3g0aVQKcIDdzP7AabhIYlCWlQ05C8JmYHWfslDvb5AvgVIN3a4MGUG5M3ZeKiB9OdHrw7VC9D8++XU=
DqC/GDnpwKMylif5fbUFlHH30wCppz4cOprPnzp4CmHz25995DwXYeC6/cRWXk5my7Gnc1zaPrXBjk6XcaxxccyxQ9bSpR9ZLUpAUv7BZyF1f2s6KgMg+Ws=
u1l8DebA+tFaxcGLc03QzS0QqiHREkUMChWLcQHjT4ruokqDw9feqwUzBBYXw8ygocPYTP3MHoAJOOgicJb1zZmLYqYAdX/y8G/P0M+Bcs19LuzZIbkTM/mqQL3Z0csD1cIUfx75VQ==
PvmUvOPaf5Trofo8Hrs3+VQKcIDdzP7AabhIYlCWlQ05C8JmYHWfslDob5AvgVIN3a4MGUG5M3BeKiZ9OdHrw7VC9D8++XU=
/ghOMeoWygP72JlhDxZxbHD30wCppz4cOprPnzp4CmHz25995DwXYeC6/cRWXk5my7Gnc1zaPrXBjk6QcaxxccyxQ9bSpR9ZLUxAUvjBZyF1f2s6KgMg+Ws=
thVMISDFWESY+/AyXat1x2TG5+QuPvSYRw8wuxWGoF/rmu7M6aNHGvLRv+oJuvXnnoDTagmqGeKumclF+Qw=
dVOollu3/+cV9eUZ4MNyH3UMiKpi4y42Xy9eDnbH698PDDzBl2vYz5XySDs73ib4yZdPHuI11x5JTp0DDgRb3qke0aZ+/SEx+Xg=
ypbap1ZsCK0F3bmNNdprIHD30wCppz4cOprPnzp4CmHz25995DwXYeC6/cRWXk5my7Gnc1zaPrXBjk6XcaxxccyxQ9bSpR9ZLUtGUvvBZyF1f2s6KgMg+Ws=
LU4pKiFRO+VaZqAto+deURlF9KVNPGbE/8ptphynAqbsvQxzrqQXPgffUEsVdsCPqypOXGkzp2oygZ/aCYrUN95ws/qJOrlSbskpNfl8
o5+TUXzbiMqlOPU+xBFuaFQKcIDdzP7AabhIYlCWlQ05C8JmYHWfslDvb5AvgVIN3a4MGUG5M3RYKiV9OdHrw7VC9D8++XU=
xSL7MQk6PTVLtRUZh/SrIXH30wCppz4cOprPnzp4CmHz25995DwXYeC6/cRWXk5my7Gnc1zaPrXBjk6XcaxxccyxQ9bSpR9ZLUhGUvvBZyF1f2s6KgMg+Ws=
GBdi+y5jRZaewYxOdHq/kRlF9KVNPGbE/8ptphynAqbsvQxzrqQXPgffUEsVdsCPqypOXGkzp2oygZ/aCYrWN95ws/qJOrlSbskpNfl8
tAVcZmefioLzNWCqhsYTUlQKcIDdzP7AabhIYlCWlQ05C8JmYHWfslDvb5AvgVIN3a4MGUG5M3RdKip9OdHrw7VC9D8++XU=
r70zgXHAPQVPL3vQp7Pis1QKcIDdzP7AabhIYlCWlQ05C8JmYHWfslDob5AvgVIN3a4MGUG5M3tcKip9OdHrw7VC9D8++XU=
RxL2iz87ywCd37q2zW++rGkElON99D83EDgMWDjJ5NcOAH/Kl2vYz5XySDs83ib4yZdPHuI11x5JTpEHDgtb3qke0aZ+/SEx+Xg=
ilBEaGATYWnJEH2DM5ywIVo47Mk0EPXvVNtucSZoPIoMNimlrXs2/uz1EyokGPs4kyGOZSn+2KENeX+CCPoeVeWxF6uhcsAnMvl5
B66EigKZLryzpL8v2szaO3D30wCppz4cOprPnzp4CmHz25995DwXYeC6/cRWXk5my7Gnc1zaPrXBjk6QcaxxccyxQ9bSpR9ZLU1CUv3AZyF1f2s6KgMg+Ws=
9ul9LV/mkgDIPKLpS4wTnCwOrizDEEEWCE/bKkGmFtCY+AHUtNnf4FFnAgogkcew4NPcQLOdUo4UUPs4d766n/KpJ+gRf1m3pj7ZldCadNN9LuzZIbkTNv6qQLzZ0csD1cIUfx75VQ==
ohb3gcVuUly35qAONkMpciwOrizDEEEWCE/bKkGmFtCY+AHUtNnY4FFnAgogkcew4NPcQLOdUo4UUPs4d766nfKpJ+gRf1m3pj7ZldCadNN9LuzZIbkTMPmqQLzZ0csD1cIUfx75VQ==
s8nPLXdly4oVppzYICaCI+REncJnCC8ZnXRscmgIYoc5dArykmBLVmVVDRY0JinP9bH30ZblbFn/GcOKqYEzW618bo3Ev/yD1TxbPxNjVJZ78XoK/lf/pl5Nyxl5Y0tigviTgeHn9+pmaxT5Xw==
3Hxk19hOjsBmHN3R2S5Lp6+2ly4ahamhGR1QsuqWaf4vWDydFtDkvwB9no7zWD8NLJXVLDTZBMgi8vm5I+yqcwNk6fAEh5a2/rR5UJ10FtsVK/lm
v2760eUcJue3B6BaJCasfFQKcIDdzP7AabhIYlCWlQ05C8JmYHWfslDob5AvgVIN3a4MGUG5M3BeKiZ8OdHrw7VC9D8++XU=
FmY+Rv3ZpqYp6TOO31gJtgsBZ8FwqiDP4O0eHpOofz0MhdU8FOlEOEJieSnDnGpDI3Tp4CO3VsEeJPnA/YRW6zU7+XY=
YerV2E9ofY79MOTqEJvIOBYpoOqIQaU+l0iXHKEwtuFEEvyzjLoutdFuHtChzOHxvFHzliLFL1lda3cSCGDXoeXfu3r6IzD5ew==
Mi44FKj3BxPyP9RXgEBU9ArWlqdoURW3qWXiMAEBNnboXKcsodBRfhrrunZodZeiqIhHoHdBKt11DpRpyTm7ysDKT6yBkTOzXWLMLzb5fQ==
QgQmRdL27xugRAsc6J3CFHUMiKpi4y42Xy9eDnbH698PDDzBl2vYz5XySDs83ib4yZdPHuI11x5JTpsEDgVa3qke0aZ+/SEx+Xg=
8tZsizh2WXSWTiyNVr3vznD30wCppz4cOprPnzp4CmHz25995DwXYeC6/cRWXk5my7Gnc1zaPrXBjk6QcaxxccyxQ9bSpR9ZLU1BUvrAZyF1f2s6KgMg+Ws=
